
Freescale HC12-Assembler 
(c) Copyright Freescale 1987-2010

 Abs. Rel.   Loc    Obj. code   Source line
 ---- ----   ------ ---------   -----------
    1    1                      ;**************************************************************************************
    2    2                      ;* Blank Project Main [includes LibV2.2]                                              *
    3    3                      ;**************************************************************************************
    4    4                      ;* Summary:  PS 3                                                                     *
    5    5                      ;*   -                                                                                *
    6    6                      ;*                                                                                    *
    7    7                      ;* Author: Julia Fay                                                                  *
    8    8                      ;*   Cal Poly University                                                              *
    9    9                      ;*   Fall 2023                                                                        *
   10   10                      ;*                                                                                    *
   11   11                      ;* Revision History:                                                                  *
   12   12                      ;*   -                                                                                *
   13   13                      ;*                                                                                    *
   14   14                      ;* ToDo:                                                                              *
   15   15                      ;*   -                                                                                *
   16   16                      ;**************************************************************************************
   17   17                      
   18   18                      ;/------------------------------------------------------------------------------------\
   19   19                      ;| Include all associated files                                                       |
   20   20                      ;\------------------------------------------------------------------------------------/
   21   21                      ; The following are external files to be included during assembly
   22   22                      
   23   23                      
   24   24                      ;/------------------------------------------------------------------------------------\
   25   25                      ;| External Definitions                                                               |
   26   26                      ;\------------------------------------------------------------------------------------/
   27   27                      ; All labels that are referenced by the linker need an external definition
   28   28                      
   29   29                                    XDEF  main
   30   30                      
   31   31                      ;/------------------------------------------------------------------------------------\
   32   32                      ;| External References                                                                |
   33   33                      ;\------------------------------------------------------------------------------------/
   34   34                      ; All labels from other files must have an external reference
   35   35                      
   36   36                                    XREF  ENABLE_MOTOR, DISABLE_MOTOR
   37   37                                    XREF  STARTUP_MOTOR, UPDATE_MOTOR, CURRENT_MOTOR
   38   38                                    XREF  STARTUP_PWM, STARTUP_ATD0, STARTUP_ATD1
   39   39                                    XREF  OUTDACA, OUTDACB
   40   40                                    XREF  STARTUP_ENCODER, READ_ENCODER
   41   41                                    XREF  INITLCD, SETADDR, GETADDR, CURSOR_ON, CURSOR_OFF, DISP_OFF
   42   42                                    XREF  OUTCHAR, OUTCHAR_AT, OUTSTRING, OUTSTRING_AT
   43   43                                    XREF  INITKEY, LKEY_FLG, GETCHAR
   44   44                                    XREF  LCDTEMPLATE, UPDATELCD_L1, UPDATELCD_L2
   45   45                                    XREF  LVREF_BUF, LVACT_BUF, LERR_BUF,LEFF_BUF, LKP_BUF, LKI_BUF
   46   46                                    XREF  Entry, ISR_KEYPAD
   47   47                                  
   48   48                      ;/------------------------------------------------------------------------------------\
   49   49                      ;| Assembler Equates                                                                  |
   50   50                      ;\------------------------------------------------------------------------------------/
   51   51                      ; Constant values can be equated here
   52   52                      
   53   53                      
   54   54                      
   55   55                      ;/------------------------------------------------------------------------------------\
   56   56                      ;| Variables in RAM                                                                   |
   57   57                      ;\------------------------------------------------------------------------------------/
   58   58                      ; The following variables are located in unpaged ram
   59   59                      
   60   60                      DEFAULT_RAM:  SECTION
   61   61                      
   62   62   000000             COUNT DS.B 1 
   63   63   000001             BUFFER DS.B 5  
   64   64   000006             RESULT DS.W 1 

Freescale HC12-Assembler 
(c) Copyright Freescale 1987-2010

 Abs. Rel.   Loc    Obj. code   Source line
 ---- ----   ------ ---------   -----------
   65   65   000008             TMP DS.B 1 
   66   66                      
   67   67                      ;/------------------------------------------------------------------------------------\
   68   68                      ;|  Main Program Code                                                                 |
   69   69                      ;\------------------------------------------------------------------------------------/
   70   70                      ; Your code goes here
   71   71                      
   72   72                      MyCode:       SECTION
   73   73                      main:   
   74   74                             
   75   75   000000 CExx xx            ldx #BUFFER
   76   76   000003 1808 0031   	   	 movb #$31, 0,x     ;loading ASCII into the the BUFFER
   77   77   000007 1808 0132   	     movb #$32, 1,x
   78   78   00000B 1808 0233   		   movb #$33, 2,x
   79   79   00000F 1808 0334   		   movb #$34, 3,x
   80   80   000013 1808 0435   		   movb #$35, 4,x
   81   81                      
   82   82   000017 180B 05xx          movb #$05, COUNT   ;sets COUNT to 5  
             00001B xx         
   83   83                             
   84   84                      spin:		
   85   85                      		
   86   86   00001C 00          		   bgnd               ;bgnd for debugging
   87   87                      		
   88   88   00001D 16xx xx     	     jsr convert     ;calls conversion	  
   89   89                      	  
   90   90   000020 20FA               bra spin           ;loops 
   91   91                             
   92   92                      
   93   93                      ;-------------------------------------------------------------------------------------
   94   94                      
   95   95                      convert:
   96   96                      
   97   97                      ;push all registers and accumulators to the stack so they remain unchanged after the 
   98   98                      ;subroutine is complete
   99   99                      
  100  100   000022 37                  pshb
  101  101   000023 3B                  pshd
  102  102   000024 35                  pshy
  103  103   000025 39                  pshc
  104  104                      
  105  105                      ;initialize variables 
  106  106                      
  107  107   000026 1879 xxxx           clrw RESULT              ;sets RESULT to zero
  108  108   00002A 79xx xx             clr TMP                  ;sets TMP to zero
  109  109                                                       
  110  110   00002D CExx xx             ldx #BUFFER              ;load index register x with the contents of BUFFER                       
  111  111                                             
  112  112                                             
  113  113                      convert_loop:
  114  114                             
  115  115                      ;check status of loop
  116  116                             
  117  117   000030 B6xx xx             ldaa COUNT             ;load accumulator a with the value of COUNT
  118  118   000033 2722                beq convert_error      ;if count is 0 then we are done and set error codes
  119  119                             
  120  120                      ;multiply current result value by 10
  121  121                      
  122  122   000035 FDxx xx             ldy RESULT             ;load index register y with the contents of RESULT
  123  123   000038 CC00 0A             ldd #$000A             ;load accumulator d with the hex value for 10
  124  124   00003B 13                  emul                   ;multiply the contents of d with the contents of y
  125  125   00003C 7Cxx xx             std RESULT             ;store the contents of accumulator d in result
  126  126                             
  127  127                      ;get the next number to be added

Freescale HC12-Assembler 
(c) Copyright Freescale 1987-2010

 Abs. Rel.   Loc    Obj. code   Source line
 ---- ----   ------ ---------   -----------
  128  128                      
  129  129                        
  130  130   00003F B6xx xx             ldaa TMP               ;load index register A with the position value TMP
  131  131   000042 E6E4                ldab a,x               ;load accumulator b with the contents of buffer at position a
  132  132   000044 C030                subb #$30              ;subtract #$30 to get the digital value of the numnber
  133  133                                     
  134  134                      ;add the number to the multiplied result value and store the result
  135  135                       
  136  136   000046 87                  clra                   ;clear the contents of accumulator a
  137  137   000047 F3xx xx             addd RESULT            ;add the contents of accumulator d to result
  138  138   00004A 2518                bcs too_large          ;if an overflow is triggered, go to the error code section 
  139  139   00004C 7Cxx xx             std RESULT             ;store the contents of accumulator d in result
  140  140   00004F 72xx xx             inc TMP                ;increment so the next position can be reached
  141  141   000052 73xx xx             dec COUNT              ;decrement count to keep tack of the loop
  142  142   000055 20D9                bra convert_loop       ;loop back to the top  
  143  143                       
  144  144                      convert_error:
  145  145                       
  146  146                       
  147  147                      ;set error code 
  148  148                      
  149  149                      
  150  150   000057 18F7 xxxx           tstw RESULT 
  151  151   00005B 2604                bne skip_zero                ;branch if result is not equal to zero
  152  152                              
  153  153   00005D 8602                ldaa #$02             ;load accumulator a with zero error 
  154  154                              
  155  155   00005F 2007                bra convert_exit      ;exit after error code has been set 
  156  156                      
  157  157                      skip_zero: 
  158  158                              
  159  159   000061 87                  clra                  ;clear a to set it to 0 indicating no error 
  160  160                              
  161  161   000062 2004                bra convert_exit      ;exit after error code has been set
  162  162                      
  163  163                      too_large: 
  164  164                       
  165  165   000064 8601                ldaa #$01             ;load accumulator a with magnitude too large error 
  166  166                              
  167  167   000066 2000                bra convert_exit      ;exit after error code has been set
  168  168                              
  169  169                      convert_exit:
  170  170                      
  171  171   000068 00                  bgnd
  172  172                       
  173  173                      ;restore all accumulators and registers from the stack 
  174  174                       
  175  175   000069 39                  pshc
  176  176   00006A 31                  puly
  177  177   00006B 3A                  puld
  178  178   00006C 33                  pulb
  179  179                           
  180  180   00006D 3D                  rts ; return to main         
  181  181                              
  182  182                      
  183  183                      ;/------------------------------------------------------------------------------------\
  184  184                      ;| Subroutines                                                                        |
  185  185                      ;\------------------------------------------------------------------------------------/
  186  186                      ; General purpose subroutines go here
  187  187                      
  188  188                      
  189  189                      ;/------------------------------------------------------------------------------------\
  190  190                      ;| ASCII Messages and Constant Data                                                   |
  191  191                      ;\------------------------------------------------------------------------------------/

Freescale HC12-Assembler 
(c) Copyright Freescale 1987-2010

 Abs. Rel.   Loc    Obj. code   Source line
 ---- ----   ------ ---------   -----------
  192  192                      ; Any constants can be defined here
  193  193                      
  194  194   00006E 706C 6561    MESSAGE: DC.B  'please enter a number: ', $00
             000072 7365 2065  
             000076 6E74 6572  
             00007A 2061 206E  
             00007E 756D 6265  
             000082 723A 2000  
  195  195   000086 7468 6174    RESPONSE: DC.B 'that was a great choice' , $00
             00008A 2077 6173  
             00008E 2061 2067  
             000092 7265 6174  
             000096 2063 686F  
             00009A 6963 6500  
  196  196   00009E 2000         BACKSPACE: DC.B ' ' , $00 
  197  197                       
  198  198                      ;/------------------------------------------------------------------------------------\
  199  199                      ;| Vectors                                                                            |
  200  200                      ;\------------------------------------------------------------------------------------/
  201  201                      ; Add interrupt and reset vectors here
  202  202                      
  203  203                              ORG   $FFFE                    ; reset vector address
  204  204  a00FFFE xxxx                DC.W  Entry
  205  205                      
